<?xml version="1.0" encoding="UTF-8"?>
<testng-results ignored="0" total="0" passed="0" failed="0" skipped="0">
  <reporter-output>
  </reporter-output>
  <suite started-at="2022-05-16T18:22:48 BOT" name="paquete.BaseTest" finished-at="2022-05-16T18:22:48 BOT" duration-ms="9">
    <groups>
    </groups>
    <test started-at="2022-05-16T18:22:48 BOT" name="Command line test" finished-at="2022-05-16T18:22:48 BOT" duration-ms="9">
    </test> <!-- Command line test -->
  </suite> <!-- paquete.BaseTest -->
</testng-results>
